2026-05-09 10:15:39,300 - aqt.main - INFO - installer 6200 aqtinstall(aqt) v3.1.21 on Python 3.11.9 [CPython MSC v.1938 64 bit (AMD64)]
2026-05-09 10:15:39,300 - aqt.helper - DEBUG - helper 6200 Attempt to download checksum at https://download.qt.io/online/qtsdkrepository/windows_x86/desktop/qt6_683/qt6_683/Updates.xml.sha256
2026-05-09 10:15:41,075 - aqt.helper - DEBUG - helper 6200 Attempt to download checksum at https://download.qt.io/online/qtsdkrepository/windows_x86/extensions/qtwebengine/683/msvc2022_64/Updates.xml.sha256
2026-05-09 10:15:42,467 - aqt.archives - INFO - archives 6200 Found extension qtwebengine
2026-05-09 10:15:42,467 - aqt.helper - DEBUG - helper 6200 Attempt to download checksum at https://download.qt.io/online/qtsdkrepository/windows_x86/extensions/qtpdf/683/msvc2022_64/Updates.xml.sha256
2026-05-09 10:15:43,896 - aqt.archives - INFO - archives 6200 Found extension qtpdf
2026-05-09 10:15:44,547 - aqt.helper - DEBUG - helper 8424 Attempt to download checksum at https://download.qt.io/online/qtsdkrepository/windows_x86/desktop/qt6_683/qt6_683/qt.qt6.683.addons.qtmultimedia.win64_msvc2022_64/6.8.3-0-202503201308qtmultimedia-Windows-Windows_11_23H2-MSVC2022-Windows-Windows_11_23H2-X86_64.7z.sha256
2026-05-09 10:15:44,553 - aqt.helper - DEBUG - helper 7368 Attempt to download checksum at https://download.qt.io/online/qtsdkrepository/windows_x86/desktop/qt6_683/qt6_683/qt.qt6.683.win64_msvc2022_64/6.8.3-0-202503201308qtbase-Windows-Windows_11_23H2-MSVC2022-Windows-Windows_11_23H2-X86_64.7z.sha256
2026-05-09 10:15:44,555 - aqt.helper - DEBUG - helper 8204 Attempt to download checksum at https://download.qt.io/online/qtsdkrepository/windows_x86/desktop/qt6_683/qt6_683/qt.qt6.683.win64_msvc2022_64/6.8.3-0-202503201308qtsvg-Windows-Windows_11_23H2-MSVC2022-Windows-Windows_11_23H2-X86_64.7z.sha256
2026-05-09 10:15:44,555 - aqt.helper - DEBUG - helper 9616 Attempt to download checksum at https://download.qt.io/online/qtsdkrepository/windows_x86/desktop/qt6_683/qt6_683/qt.qt6.683.win64_msvc2022_64/6.8.3-0-202503201308qtdeclarative-Windows-Windows_11_23H2-MSVC2022-Windows-Windows_11_23H2-X86_64.7z.sha256
2026-05-09 10:15:45,381 - aqt.helper - INFO - helper 7368 Downloading qtbase...
2026-05-09 10:15:45,381 - aqt.installer - DEBUG - installer 7368 Download URL: https://download.qt.io/online/qtsdkrepository/windows_x86/desktop/qt6_683/qt6_683/qt.qt6.683.win64_msvc2022_64/6.8.3-0-202503201308qtbase-Windows-Windows_11_23H2-MSVC2022-Windows-Windows_11_23H2-X86_64.7z
2026-05-09 10:15:45,400 - aqt.helper - INFO - helper 9616 Downloading qtdeclarative...
2026-05-09 10:15:45,400 - aqt.installer - DEBUG - installer 9616 Download URL: https://download.qt.io/online/qtsdkrepository/windows_x86/desktop/qt6_683/qt6_683/qt.qt6.683.win64_msvc2022_64/6.8.3-0-202503201308qtdeclarative-Windows-Windows_11_23H2-MSVC2022-Windows-Windows_11_23H2-X86_64.7z
2026-05-09 10:15:45,430 - aqt.helper - INFO - helper 8204 Downloading qtsvg...
2026-05-09 10:15:45,430 - aqt.installer - DEBUG - installer 8204 Download URL: https://download.qt.io/online/qtsdkrepository/windows_x86/desktop/qt6_683/qt6_683/qt.qt6.683.win64_msvc2022_64/6.8.3-0-202503201308qtsvg-Windows-Windows_11_23H2-MSVC2022-Windows-Windows_11_23H2-X86_64.7z
2026-05-09 10:15:45,437 - aqt.helper - INFO - helper 8424 Downloading qtmultimedia...
2026-05-09 10:15:45,437 - aqt.installer - DEBUG - installer 8424 Download URL: https://download.qt.io/online/qtsdkrepository/windows_x86/desktop/qt6_683/qt6_683/qt.qt6.683.addons.qtmultimedia.win64_msvc2022_64/6.8.3-0-202503201308qtmultimedia-Windows-Windows_11_23H2-MSVC2022-Windows-Windows_11_23H2-X86_64.7z
2026-05-09 10:15:46,207 - aqt.helper - DEBUG - helper 7368 Asked to redirect(302) to: https://qt.mirror.constant.com/online/qtsdkrepository/windows_x86/desktop/qt6_683/qt6_683/qt.qt6.683.win64_msvc2022_64/6.8.3-0-202503201308qtbase-Windows-Windows_11_23H2-MSVC2022-Windows-Windows_11_23H2-X86_64.7z
2026-05-09 10:15:46,207 - aqt.helper - INFO - helper 7368 Redirected: qt.mirror.constant.com
2026-05-09 10:15:46,207 - aqt.helper - DEBUG - helper 9616 Asked to redirect(302) to: https://qt.mirror.constant.com/online/qtsdkrepository/windows_x86/desktop/qt6_683/qt6_683/qt.qt6.683.win64_msvc2022_64/6.8.3-0-202503201308qtdeclarative-Windows-Windows_11_23H2-MSVC2022-Windows-Windows_11_23H2-X86_64.7z
2026-05-09 10:15:46,208 - aqt.helper - INFO - helper 9616 Redirected: qt.mirror.constant.com
2026-05-09 10:15:46,273 - aqt.helper - DEBUG - helper 8424 Asked to redirect(302) to: https://qt.mirror.constant.com/online/qtsdkrepository/windows_x86/desktop/qt6_683/qt6_683/qt.qt6.683.addons.qtmultimedia.win64_msvc2022_64/6.8.3-0-202503201308qtmultimedia-Windows-Windows_11_23H2-MSVC2022-Windows-Windows_11_23H2-X86_64.7z
2026-05-09 10:15:46,273 - aqt.helper - INFO - helper 8424 Redirected: qt.mirror.constant.com
2026-05-09 10:15:46,302 - aqt.helper - DEBUG - helper 8204 Asked to redirect(302) to: https://qt.mirror.constant.com/online/qtsdkrepository/windows_x86/desktop/qt6_683/qt6_683/qt.qt6.683.win64_msvc2022_64/6.8.3-0-202503201308qtsvg-Windows-Windows_11_23H2-MSVC2022-Windows-Windows_11_23H2-X86_64.7z
2026-05-09 10:15:46,302 - aqt.helper - INFO - helper 8204 Redirected: qt.mirror.constant.com
2026-05-09 10:15:47,093 - aqt.installer - INFO - installer 8204 Finished installation of qtsvg-Windows-Windows_11_23H2-MSVC2022-Windows-Windows_11_23H2-X86_64.7z in 2.54094290
2026-05-09 10:15:47,110 - aqt.helper - DEBUG - helper 8204 Attempt to download checksum at https://download.qt.io/online/qtsdkrepository/windows_x86/desktop/qt6_683/qt6_683/qt.qt6.683.win64_msvc2022_64/6.8.3-0-202503201308qttools-Windows-Windows_11_23H2-MSVC2022-Windows-Windows_11_23H2-X86_64.7z.sha256
2026-05-09 10:15:47,929 - aqt.helper - INFO - helper 8204 Downloading qttools...
2026-05-09 10:15:47,929 - aqt.installer - DEBUG - installer 8204 Download URL: https://download.qt.io/online/qtsdkrepository/windows_x86/desktop/qt6_683/qt6_683/qt.qt6.683.win64_msvc2022_64/6.8.3-0-202503201308qttools-Windows-Windows_11_23H2-MSVC2022-Windows-Windows_11_23H2-X86_64.7z
2026-05-09 10:15:48,739 - aqt.helper - DEBUG - helper 8204 Asked to redirect(302) to: https://qt.mirror.constant.com/online/qtsdkrepository/windows_x86/desktop/qt6_683/qt6_683/qt.qt6.683.win64_msvc2022_64/6.8.3-0-202503201308qttools-Windows-Windows_11_23H2-MSVC2022-Windows-Windows_11_23H2-X86_64.7z
2026-05-09 10:15:48,739 - aqt.helper - INFO - helper 8204 Redirected: qt.mirror.constant.com
2026-05-09 10:15:52,416 - aqt.installer - INFO - installer 8204 Finished installation of qttools-Windows-Windows_11_23H2-MSVC2022-Windows-Windows_11_23H2-X86_64.7z in 5.30774950
2026-05-09 10:15:52,438 - aqt.helper - DEBUG - helper 8204 Attempt to download checksum at https://download.qt.io/online/qtsdkrepository/windows_x86/desktop/qt6_683/qt6_683/qt.qt6.683.win64_msvc2022_64/6.8.3-0-202503201308qttranslations-Windows-Windows_11_23H2-MSVC2022-Windows-Windows_11_23H2-X86_64.7z.sha256
2026-05-09 10:15:52,606 - aqt.installer - INFO - installer 8424 Finished installation of qtmultimedia-Windows-Windows_11_23H2-MSVC2022-Windows-Windows_11_23H2-X86_64.7z in 8.06144930
2026-05-09 10:15:52,624 - aqt.helper - DEBUG - helper 8424 Attempt to download checksum at https://download.qt.io/online/qtsdkrepository/windows_x86/desktop/qt6_683/qt6_683/qt.qt6.683.win64_msvc2022_64/6.8.3-0-202503201308d3dcompiler_47-x64.7z.sha256
2026-05-09 10:15:53,212 - aqt.helper - INFO - helper 8204 Downloading qttranslations...
2026-05-09 10:15:53,212 - aqt.installer - DEBUG - installer 8204 Download URL: https://download.qt.io/online/qtsdkrepository/windows_x86/desktop/qt6_683/qt6_683/qt.qt6.683.win64_msvc2022_64/6.8.3-0-202503201308qttranslations-Windows-Windows_11_23H2-MSVC2022-Windows-Windows_11_23H2-X86_64.7z
2026-05-09 10:15:53,329 - aqt.helper - INFO - helper 8424 Downloading d3dcompiler_47...
2026-05-09 10:15:53,331 - aqt.installer - DEBUG - installer 8424 Download URL: https://download.qt.io/online/qtsdkrepository/windows_x86/desktop/qt6_683/qt6_683/qt.qt6.683.win64_msvc2022_64/6.8.3-0-202503201308d3dcompiler_47-x64.7z
2026-05-09 10:15:53,347 - aqt.installer - INFO - installer 7368 Finished installation of qtbase-Windows-Windows_11_23H2-MSVC2022-Windows-Windows_11_23H2-X86_64.7z in 8.79703220
2026-05-09 10:15:53,365 - aqt.helper - DEBUG - helper 7368 Attempt to download checksum at https://download.qt.io/online/qtsdkrepository/windows_x86/desktop/qt6_683/qt6_683/qt.qt6.683.win64_msvc2022_64/6.8.3-0-202503201308opengl32sw-64-mesa_11_2_2-signed_sha256.7z.sha256
2026-05-09 10:15:53,952 - aqt.helper - DEBUG - helper 8204 Asked to redirect(302) to: https://qt.mirror.constant.com/online/qtsdkrepository/windows_x86/desktop/qt6_683/qt6_683/qt.qt6.683.win64_msvc2022_64/6.8.3-0-202503201308qttranslations-Windows-Windows_11_23H2-MSVC2022-Windows-Windows_11_23H2-X86_64.7z
2026-05-09 10:15:53,952 - aqt.helper - INFO - helper 8204 Redirected: qt.mirror.constant.com
2026-05-09 10:15:54,170 - aqt.helper - INFO - helper 7368 Downloading opengl32sw...
2026-05-09 10:15:54,172 - aqt.helper - DEBUG - helper 8424 Asked to redirect(302) to: https://qt.mirror.constant.com/online/qtsdkrepository/windows_x86/desktop/qt6_683/qt6_683/qt.qt6.683.win64_msvc2022_64/6.8.3-0-202503201308d3dcompiler_47-x64.7z
2026-05-09 10:15:54,172 - aqt.helper - INFO - helper 8424 Redirected: qt.mirror.constant.com
2026-05-09 10:15:54,170 - aqt.installer - DEBUG - installer 7368 Download URL: https://download.qt.io/online/qtsdkrepository/windows_x86/desktop/qt6_683/qt6_683/qt.qt6.683.win64_msvc2022_64/6.8.3-0-202503201308opengl32sw-64-mesa_11_2_2-signed_sha256.7z
2026-05-09 10:15:54,834 - aqt.installer - INFO - installer 8204 Finished installation of qttranslations-Windows-Windows_11_23H2-MSVC2022-Windows-Windows_11_23H2-X86_64.7z in 2.39945130
2026-05-09 10:15:54,896 - aqt.installer - INFO - installer 8424 Finished installation of d3dcompiler_47-x64.7z in 2.27517100
2026-05-09 10:15:54,904 - aqt.helper - DEBUG - helper 7368 Asked to redirect(302) to: https://qt.mirror.constant.com/online/qtsdkrepository/windows_x86/desktop/qt6_683/qt6_683/qt.qt6.683.win64_msvc2022_64/6.8.3-0-202503201308opengl32sw-64-mesa_11_2_2-signed_sha256.7z
2026-05-09 10:15:54,904 - aqt.helper - INFO - helper 7368 Redirected: qt.mirror.constant.com
2026-05-09 10:15:55,939 - aqt.installer - INFO - installer 7368 Finished installation of opengl32sw-64-mesa_11_2_2-signed_sha256.7z in 2.57538040
2026-05-09 10:16:07,252 - aqt.installer - INFO - installer 9616 Finished installation of qtdeclarative-Windows-Windows_11_23H2-MSVC2022-Windows-Windows_11_23H2-X86_64.7z in 22.70072460
2026-05-09 10:16:07,383 - aqt.updater - INFO - updater 6200 Patching D:\a\moonlight-qt\Qt\6.8.3\msvc2022_64\bin\qmake.exe
2026-05-09 10:16:07,387 - aqt.updater - INFO - updater 6200 Patching D:\a\moonlight-qt\Qt\6.8.3\msvc2022_64\lib\Qt6Concurrent.prl
2026-05-09 10:16:07,388 - aqt.updater - INFO - updater 6200 Patching D:\a\moonlight-qt\Qt\6.8.3\msvc2022_64\lib\Qt6Concurrentd.prl
2026-05-09 10:16:07,388 - aqt.updater - INFO - updater 6200 Patching D:\a\moonlight-qt\Qt\6.8.3\msvc2022_64\lib\Qt6Core.prl
2026-05-09 10:16:07,389 - aqt.updater - INFO - updater 6200 Patching D:\a\moonlight-qt\Qt\6.8.3\msvc2022_64\lib\Qt6Cored.prl
2026-05-09 10:16:07,389 - aqt.updater - INFO - updater 6200 Patching D:\a\moonlight-qt\Qt\6.8.3\msvc2022_64\lib\Qt6DBus.prl
2026-05-09 10:16:07,390 - aqt.updater - INFO - updater 6200 Patching D:\a\moonlight-qt\Qt\6.8.3\msvc2022_64\lib\Qt6DBusd.prl
2026-05-09 10:16:07,390 - aqt.updater - INFO - updater 6200 Patching D:\a\moonlight-qt\Qt\6.8.3\msvc2022_64\lib\Qt6Designer.prl
2026-05-09 10:16:07,391 - aqt.updater - INFO - updater 6200 Patching D:\a\moonlight-qt\Qt\6.8.3\msvc2022_64\lib\Qt6DesignerComponents.prl
2026-05-09 10:16:07,391 - aqt.updater - INFO - updater 6200 Patching D:\a\moonlight-qt\Qt\6.8.3\msvc2022_64\lib\Qt6DesignerComponentsd.prl
2026-05-09 10:16:07,392 - aqt.updater - INFO - updater 6200 Patching D:\a\moonlight-qt\Qt\6.8.3\msvc2022_64\lib\Qt6Designerd.prl
2026-05-09 10:16:07,392 - aqt.updater - INFO - updater 6200 Patching D:\a\moonlight-qt\Qt\6.8.3\msvc2022_64\lib\Qt6DeviceDiscoverySupport.prl
2026-05-09 10:16:07,393 - aqt.updater - INFO - updater 6200 Patching D:\a\moonlight-qt\Qt\6.8.3\msvc2022_64\lib\Qt6DeviceDiscoverySupportd.prl
2026-05-09 10:16:07,393 - aqt.updater - INFO - updater 6200 Patching D:\a\moonlight-qt\Qt\6.8.3\msvc2022_64\lib\Qt6EntryPoint.prl
2026-05-09 10:16:07,393 - aqt.updater - INFO - updater 6200 Patching D:\a\moonlight-qt\Qt\6.8.3\msvc2022_64\lib\Qt6EntryPointd.prl
2026-05-09 10:16:07,393 - aqt.updater - INFO - updater 6200 Patching D:\a\moonlight-qt\Qt\6.8.3\msvc2022_64\lib\Qt6ExampleIcons.prl
2026-05-09 10:16:07,395 - aqt.updater - INFO - updater 6200 Patching D:\a\moonlight-qt\Qt\6.8.3\msvc2022_64\lib\Qt6ExampleIconsd.prl
2026-05-09 10:16:07,395 - aqt.updater - INFO - updater 6200 Patching D:\a\moonlight-qt\Qt\6.8.3\msvc2022_64\lib\Qt6ExamplesAssetDownloader.prl
2026-05-09 10:16:07,396 - aqt.updater - INFO - updater 6200 Patching D:\a\moonlight-qt\Qt\6.8.3\msvc2022_64\lib\Qt6ExamplesAssetDownloaderd.prl
2026-05-09 10:16:07,396 - aqt.updater - INFO - updater 6200 Patching D:\a\moonlight-qt\Qt\6.8.3\msvc2022_64\lib\Qt6FbSupport.prl
2026-05-09 10:16:07,397 - aqt.updater - INFO - updater 6200 Patching D:\a\moonlight-qt\Qt\6.8.3\msvc2022_64\lib\Qt6FbSupportd.prl
2026-05-09 10:16:07,397 - aqt.updater - INFO - updater 6200 Patching D:\a\moonlight-qt\Qt\6.8.3\msvc2022_64\lib\Qt6FFmpegMediaPluginImpl.prl
2026-05-09 10:16:07,398 - aqt.updater - INFO - updater 6200 Patching D:\a\moonlight-qt\Qt\6.8.3\msvc2022_64\lib\Qt6FFmpegMediaPluginImpld.prl
2026-05-09 10:16:07,398 - aqt.updater - INFO - updater 6200 Patching D:\a\moonlight-qt\Qt\6.8.3\msvc2022_64\lib\Qt6Gui.prl
2026-05-09 10:16:07,398 - aqt.updater - INFO - updater 6200 Patching D:\a\moonlight-qt\Qt\6.8.3\msvc2022_64\lib\Qt6Guid.prl
2026-05-09 10:16:07,399 - aqt.updater - INFO - updater 6200 Patching D:\a\moonlight-qt\Qt\6.8.3\msvc2022_64\lib\Qt6Help.prl
2026-05-09 10:16:07,399 - aqt.updater - INFO - updater 6200 Patching D:\a\moonlight-qt\Qt\6.8.3\msvc2022_64\lib\Qt6Helpd.prl
2026-05-09 10:16:07,400 - aqt.updater - INFO - updater 6200 Patching D:\a\moonlight-qt\Qt\6.8.3\msvc2022_64\lib\Qt6LabsAnimation.prl
2026-05-09 10:16:07,400 - aqt.updater - INFO - updater 6200 Patching D:\a\moonlight-qt\Qt\6.8.3\msvc2022_64\lib\Qt6LabsAnimationd.prl
2026-05-09 10:16:07,401 - aqt.updater - INFO - updater 6200 Patching D:\a\moonlight-qt\Qt\6.8.3\msvc2022_64\lib\Qt6LabsFolderListModel.prl
2026-05-09 10:16:07,401 - aqt.updater - INFO - updater 6200 Patching D:\a\moonlight-qt\Qt\6.8.3\msvc2022_64\lib\Qt6LabsFolderListModeld.prl
2026-05-09 10:16:07,402 - aqt.updater - INFO - updater 6200 Patching D:\a\moonlight-qt\Qt\6.8.3\msvc2022_64\lib\Qt6LabsPlatform.prl
2026-05-09 10:16:07,402 - aqt.updater - INFO - updater 6200 Patching D:\a\moonlight-qt\Qt\6.8.3\msvc2022_64\lib\Qt6LabsPlatformd.prl
2026-05-09 10:16:07,402 - aqt.updater - INFO - updater 6200 Patching D:\a\moonlight-qt\Qt\6.8.3\msvc2022_64\lib\Qt6LabsQmlModels.prl
2026-05-09 10:16:07,403 - aqt.updater - INFO - updater 6200 Patching D:\a\moonlight-qt\Qt\6.8.3\msvc2022_64\lib\Qt6LabsQmlModelsd.prl
2026-05-09 10:16:07,403 - aqt.updater - INFO - updater 6200 Patching D:\a\moonlight-qt\Qt\6.8.3\msvc2022_64\lib\Qt6LabsSettings.prl
2026-05-09 10:16:07,404 - aqt.updater - INFO - updater 6200 Patching D:\a\moonlight-qt\Qt\6.8.3\msvc2022_64\lib\Qt6LabsSettingsd.prl
2026-05-09 10:16:07,404 - aqt.updater - INFO - updater 6200 Patching D:\a\moonlight-qt\Qt\6.8.3\msvc2022_64\lib\Qt6LabsSharedImage.prl
2026-05-09 10:16:07,405 - aqt.updater - INFO - updater 6200 Patching D:\a\moonlight-qt\Qt\6.8.3\msvc2022_64\lib\Qt6LabsSharedImaged.prl
2026-05-09 10:16:07,405 - aqt.updater - INFO - updater 6200 Patching D:\a\moonlight-qt\Qt\6.8.3\msvc2022_64\lib\Qt6LabsWavefrontMesh.prl
2026-05-09 10:16:07,406 - aqt.updater - INFO - updater 6200 Patching D:\a\moonlight-qt\Qt\6.8.3\msvc2022_64\lib\Qt6LabsWavefrontMeshd.prl
2026-05-09 10:16:07,406 - aqt.updater - INFO - updater 6200 Patching D:\a\moonlight-qt\Qt\6.8.3\msvc2022_64\lib\Qt6Multimedia.prl
2026-05-09 10:16:07,406 - aqt.updater - INFO - updater 6200 Patching D:\a\moonlight-qt\Qt\6.8.3\msvc2022_64\lib\Qt6Multimediad.prl
2026-05-09 10:16:07,407 - aqt.updater - INFO - updater 6200 Patching D:\a\moonlight-qt\Qt\6.8.3\msvc2022_64\lib\Qt6MultimediaQuick.prl
2026-05-09 10:16:07,407 - aqt.updater - INFO - updater 6200 Patching D:\a\moonlight-qt\Qt\6.8.3\msvc2022_64\lib\Qt6MultimediaQuickd.prl
2026-05-09 10:16:07,408 - aqt.updater - INFO - updater 6200 Patching D:\a\moonlight-qt\Qt\6.8.3\msvc2022_64\lib\Qt6MultimediaTestLib.prl
2026-05-09 10:16:07,408 - aqt.updater - INFO - updater 6200 Patching D:\a\moonlight-qt\Qt\6.8.3\msvc2022_64\lib\Qt6MultimediaTestLibd.prl
2026-05-09 10:16:07,409 - aqt.updater - INFO - updater 6200 Patching D:\a\moonlight-qt\Qt\6.8.3\msvc2022_64\lib\Qt6MultimediaWidgets.prl
2026-05-09 10:16:07,409 - aqt.updater - INFO - updater 6200 Patching D:\a\moonlight-qt\Qt\6.8.3\msvc2022_64\lib\Qt6MultimediaWidgetsd.prl
2026-05-09 10:16:07,409 - aqt.updater - INFO - updater 6200 Patching D:\a\moonlight-qt\Qt\6.8.3\msvc2022_64\lib\Qt6Network.prl
2026-05-09 10:16:07,409 - aqt.updater - INFO - updater 6200 Patching D:\a\moonlight-qt\Qt\6.8.3\msvc2022_64\lib\Qt6Networkd.prl
2026-05-09 10:16:07,411 - aqt.updater - INFO - updater 6200 Patching D:\a\moonlight-qt\Qt\6.8.3\msvc2022_64\lib\Qt6OpenGL.prl
2026-05-09 10:16:07,411 - aqt.updater - INFO - updater 6200 Patching D:\a\moonlight-qt\Qt\6.8.3\msvc2022_64\lib\Qt6OpenGLd.prl
2026-05-09 10:16:07,411 - aqt.updater - INFO - updater 6200 Patching D:\a\moonlight-qt\Qt\6.8.3\msvc2022_64\lib\Qt6OpenGLWidgets.prl
2026-05-09 10:16:07,411 - aqt.updater - INFO - updater 6200 Patching D:\a\moonlight-qt\Qt\6.8.3\msvc2022_64\lib\Qt6OpenGLWidgetsd.prl
2026-05-09 10:16:07,413 - aqt.updater - INFO - updater 6200 Patching D:\a\moonlight-qt\Qt\6.8.3\msvc2022_64\lib\Qt6PacketProtocol.prl
2026-05-09 10:16:07,413 - aqt.updater - INFO - updater 6200 Patching D:\a\moonlight-qt\Qt\6.8.3\msvc2022_64\lib\Qt6PacketProtocold.prl
2026-05-09 10:16:07,413 - aqt.updater - INFO - updater 6200 Patching D:\a\moonlight-qt\Qt\6.8.3\msvc2022_64\lib\Qt6PrintSupport.prl
2026-05-09 10:16:07,413 - aqt.updater - INFO - updater 6200 Patching D:\a\moonlight-qt\Qt\6.8.3\msvc2022_64\lib\Qt6PrintSupportd.prl
2026-05-09 10:16:07,413 - aqt.updater - INFO - updater 6200 Patching D:\a\moonlight-qt\Qt\6.8.3\msvc2022_64\lib\Qt6Qml.prl
2026-05-09 10:16:07,415 - aqt.updater - INFO - updater 6200 Patching D:\a\moonlight-qt\Qt\6.8.3\msvc2022_64\lib\Qt6QmlAssetDownloader.prl
2026-05-09 10:16:07,415 - aqt.updater - INFO - updater 6200 Patching D:\a\moonlight-qt\Qt\6.8.3\msvc2022_64\lib\Qt6QmlAssetDownloaderd.prl
2026-05-09 10:16:07,415 - aqt.updater - INFO - updater 6200 Patching D:\a\moonlight-qt\Qt\6.8.3\msvc2022_64\lib\Qt6QmlCompiler.prl
2026-05-09 10:16:07,415 - aqt.updater - INFO - updater 6200 Patching D:\a\moonlight-qt\Qt\6.8.3\msvc2022_64\lib\Qt6QmlCompilerd.prl
2026-05-09 10:16:07,417 - aqt.updater - INFO - updater 6200 Patching D:\a\moonlight-qt\Qt\6.8.3\msvc2022_64\lib\Qt6QmlCore.prl
2026-05-09 10:16:07,417 - aqt.updater - INFO - updater 6200 Patching D:\a\moonlight-qt\Qt\6.8.3\msvc2022_64\lib\Qt6QmlCored.prl
2026-05-09 10:16:07,417 - aqt.updater - INFO - updater 6200 Patching D:\a\moonlight-qt\Qt\6.8.3\msvc2022_64\lib\Qt6Qmld.prl
2026-05-09 10:16:07,417 - aqt.updater - INFO - updater 6200 Patching D:\a\moonlight-qt\Qt\6.8.3\msvc2022_64\lib\Qt6QmlDebug.prl
2026-05-09 10:16:07,417 - aqt.updater - INFO - updater 6200 Patching D:\a\moonlight-qt\Qt\6.8.3\msvc2022_64\lib\Qt6QmlDebugd.prl
2026-05-09 10:16:07,419 - aqt.updater - INFO - updater 6200 Patching D:\a\moonlight-qt\Qt\6.8.3\msvc2022_64\lib\Qt6QmlDom.prl
2026-05-09 10:16:07,419 - aqt.updater - INFO - updater 6200 Patching D:\a\moonlight-qt\Qt\6.8.3\msvc2022_64\lib\Qt6QmlDomd.prl
2026-05-09 10:16:07,419 - aqt.updater - INFO - updater 6200 Patching D:\a\moonlight-qt\Qt\6.8.3\msvc2022_64\lib\Qt6QmlLocalStorage.prl
2026-05-09 10:16:07,419 - aqt.updater - INFO - updater 6200 Patching D:\a\moonlight-qt\Qt\6.8.3\msvc2022_64\lib\Qt6QmlLocalStoraged.prl
2026-05-09 10:16:07,421 - aqt.updater - INFO - updater 6200 Patching D:\a\moonlight-qt\Qt\6.8.3\msvc2022_64\lib\Qt6QmlLS.prl
2026-05-09 10:16:07,421 - aqt.updater - INFO - updater 6200 Patching D:\a\moonlight-qt\Qt\6.8.3\msvc2022_64\lib\Qt6QmlLSd.prl
2026-05-09 10:16:07,421 - aqt.updater - INFO - updater 6200 Patching D:\a\moonlight-qt\Qt\6.8.3\msvc2022_64\lib\Qt6QmlMeta.prl
2026-05-09 10:16:07,421 - aqt.updater - INFO - updater 6200 Patching D:\a\moonlight-qt\Qt\6.8.3\msvc2022_64\lib\Qt6QmlMetad.prl
2026-05-09 10:16:07,421 - aqt.updater - INFO - updater 6200 Patching D:\a\moonlight-qt\Qt\6.8.3\msvc2022_64\lib\Qt6QmlModels.prl
2026-05-09 10:16:07,423 - aqt.updater - INFO - updater 6200 Patching D:\a\moonlight-qt\Qt\6.8.3\msvc2022_64\lib\Qt6QmlModelsd.prl
2026-05-09 10:16:07,423 - aqt.updater - INFO - updater 6200 Patching D:\a\moonlight-qt\Qt\6.8.3\msvc2022_64\lib\Qt6QmlNetwork.prl
2026-05-09 10:16:07,423 - aqt.updater - INFO - updater 6200 Patching D:\a\moonlight-qt\Qt\6.8.3\msvc2022_64\lib\Qt6QmlNetworkd.prl
2026-05-09 10:16:07,423 - aqt.updater - INFO - updater 6200 Patching D:\a\moonlight-qt\Qt\6.8.3\msvc2022_64\lib\Qt6QmlToolingSettings.prl
2026-05-09 10:16:07,425 - aqt.updater - INFO - updater 6200 Patching D:\a\moonlight-qt\Qt\6.8.3\msvc2022_64\lib\Qt6QmlToolingSettingsd.prl
2026-05-09 10:16:07,425 - aqt.updater - INFO - updater 6200 Patching D:\a\moonlight-qt\Qt\6.8.3\msvc2022_64\lib\Qt6QmlTypeRegistrar.prl
2026-05-09 10:16:07,425 - aqt.updater - INFO - updater 6200 Patching D:\a\moonlight-qt\Qt\6.8.3\msvc2022_64\lib\Qt6QmlTypeRegistrard.prl
2026-05-09 10:16:07,425 - aqt.updater - INFO - updater 6200 Patching D:\a\moonlight-qt\Qt\6.8.3\msvc2022_64\lib\Qt6QmlWorkerScript.prl
2026-05-09 10:16:07,427 - aqt.updater - INFO - updater 6200 Patching D:\a\moonlight-qt\Qt\6.8.3\msvc2022_64\lib\Qt6QmlWorkerScriptd.prl
2026-05-09 10:16:07,427 - aqt.updater - INFO - updater 6200 Patching D:\a\moonlight-qt\Qt\6.8.3\msvc2022_64\lib\Qt6QmlXmlListModel.prl
2026-05-09 10:16:07,427 - aqt.updater - INFO - updater 6200 Patching D:\a\moonlight-qt\Qt\6.8.3\msvc2022_64\lib\Qt6QmlXmlListModeld.prl
2026-05-09 10:16:07,427 - aqt.updater - INFO - updater 6200 Patching D:\a\moonlight-qt\Qt\6.8.3\msvc2022_64\lib\Qt6Quick.prl
2026-05-09 10:16:07,427 - aqt.updater - INFO - updater 6200 Patching D:\a\moonlight-qt\Qt\6.8.3\msvc2022_64\lib\Qt6Quick3DSpatialAudio.prl
2026-05-09 10:16:07,429 - aqt.updater - INFO - updater 6200 Patching D:\a\moonlight-qt\Qt\6.8.3\msvc2022_64\lib\Qt6Quick3DSpatialAudiod.prl
2026-05-09 10:16:07,429 - aqt.updater - INFO - updater 6200 Patching D:\a\moonlight-qt\Qt\6.8.3\msvc2022_64\lib\Qt6QuickControls2.prl
2026-05-09 10:16:07,429 - aqt.updater - INFO - updater 6200 Patching D:\a\moonlight-qt\Qt\6.8.3\msvc2022_64\lib\Qt6QuickControls2Basic.prl
2026-05-09 10:16:07,429 - aqt.updater - INFO - updater 6200 Patching D:\a\moonlight-qt\Qt\6.8.3\msvc2022_64\lib\Qt6QuickControls2Basicd.prl
2026-05-09 10:16:07,431 - aqt.updater - INFO - updater 6200 Patching D:\a\moonlight-qt\Qt\6.8.3\msvc2022_64\lib\Qt6QuickControls2BasicStyleImpl.prl
2026-05-09 10:16:07,431 - aqt.updater - INFO - updater 6200 Patching D:\a\moonlight-qt\Qt\6.8.3\msvc2022_64\lib\Qt6QuickControls2BasicStyleImpld.prl
2026-05-09 10:16:07,431 - aqt.updater - INFO - updater 6200 Patching D:\a\moonlight-qt\Qt\6.8.3\msvc2022_64\lib\Qt6QuickControls2d.prl
2026-05-09 10:16:07,431 - aqt.updater - INFO - updater 6200 Patching D:\a\moonlight-qt\Qt\6.8.3\msvc2022_64\lib\Qt6QuickControls2FluentWinUI3StyleImpl.prl
2026-05-09 10:16:07,431 - aqt.updater - INFO - updater 6200 Patching D:\a\moonlight-qt\Qt\6.8.3\msvc2022_64\lib\Qt6QuickControls2FluentWinUI3StyleImpld.prl
2026-05-09 10:16:07,433 - aqt.updater - INFO - updater 6200 Patching D:\a\moonlight-qt\Qt\6.8.3\msvc2022_64\lib\Qt6QuickControls2Fusion.prl
2026-05-09 10:16:07,433 - aqt.updater - INFO - updater 6200 Patching D:\a\moonlight-qt\Qt\6.8.3\msvc2022_64\lib\Qt6QuickControls2Fusiond.prl
2026-05-09 10:16:07,434 - aqt.updater - INFO - updater 6200 Patching D:\a\moonlight-qt\Qt\6.8.3\msvc2022_64\lib\Qt6QuickControls2FusionStyleImpl.prl
2026-05-09 10:16:07,434 - aqt.updater - INFO - updater 6200 Patching D:\a\moonlight-qt\Qt\6.8.3\msvc2022_64\lib\Qt6QuickControls2FusionStyleImpld.prl
2026-05-09 10:16:07,435 - aqt.updater - INFO - updater 6200 Patching D:\a\moonlight-qt\Qt\6.8.3\msvc2022_64\lib\Qt6QuickControls2Imagine.prl
2026-05-09 10:16:07,435 - aqt.updater - INFO - updater 6200 Patching D:\a\moonlight-qt\Qt\6.8.3\msvc2022_64\lib\Qt6QuickControls2Imagined.prl
2026-05-09 10:16:07,436 - aqt.updater - INFO - updater 6200 Patching D:\a\moonlight-qt\Qt\6.8.3\msvc2022_64\lib\Qt6QuickControls2ImagineStyleImpl.prl
2026-05-09 10:16:07,436 - aqt.updater - INFO - updater 6200 Patching D:\a\moonlight-qt\Qt\6.8.3\msvc2022_64\lib\Qt6QuickControls2ImagineStyleImpld.prl
2026-05-09 10:16:07,436 - aqt.updater - INFO - updater 6200 Patching D:\a\moonlight-qt\Qt\6.8.3\msvc2022_64\lib\Qt6QuickControls2Impl.prl
2026-05-09 10:16:07,437 - aqt.updater - INFO - updater 6200 Patching D:\a\moonlight-qt\Qt\6.8.3\msvc2022_64\lib\Qt6QuickControls2Impld.prl
2026-05-09 10:16:07,437 - aqt.updater - INFO - updater 6200 Patching D:\a\moonlight-qt\Qt\6.8.3\msvc2022_64\lib\Qt6QuickControls2Material.prl
2026-05-09 10:16:07,438 - aqt.updater - INFO - updater 6200 Patching D:\a\moonlight-qt\Qt\6.8.3\msvc2022_64\lib\Qt6QuickControls2Materiald.prl
2026-05-09 10:16:07,438 - aqt.updater - INFO - updater 6200 Patching D:\a\moonlight-qt\Qt\6.8.3\msvc2022_64\lib\Qt6QuickControls2MaterialStyleImpl.prl
2026-05-09 10:16:07,438 - aqt.updater - INFO - updater 6200 Patching D:\a\moonlight-qt\Qt\6.8.3\msvc2022_64\lib\Qt6QuickControls2MaterialStyleImpld.prl
2026-05-09 10:16:07,439 - aqt.updater - INFO - updater 6200 Patching D:\a\moonlight-qt\Qt\6.8.3\msvc2022_64\lib\Qt6QuickControls2Universal.prl
2026-05-09 10:16:07,439 - aqt.updater - INFO - updater 6200 Patching D:\a\moonlight-qt\Qt\6.8.3\msvc2022_64\lib\Qt6QuickControls2Universald.prl
2026-05-09 10:16:07,440 - aqt.updater - INFO - updater 6200 Patching D:\a\moonlight-qt\Qt\6.8.3\msvc2022_64\lib\Qt6QuickControls2UniversalStyleImpl.prl
2026-05-09 10:16:07,440 - aqt.updater - INFO - updater 6200 Patching D:\a\moonlight-qt\Qt\6.8.3\msvc2022_64\lib\Qt6QuickControls2UniversalStyleImpld.prl
2026-05-09 10:16:07,441 - aqt.updater - INFO - updater 6200 Patching D:\a\moonlight-qt\Qt\6.8.3\msvc2022_64\lib\Qt6QuickControls2WindowsStyleImpl.prl
2026-05-09 10:16:07,441 - aqt.updater - INFO - updater 6200 Patching D:\a\moonlight-qt\Qt\6.8.3\msvc2022_64\lib\Qt6QuickControls2WindowsStyleImpld.prl
2026-05-09 10:16:07,442 - aqt.updater - INFO - updater 6200 Patching D:\a\moonlight-qt\Qt\6.8.3\msvc2022_64\lib\Qt6QuickControlsTestUtils.prl
2026-05-09 10:16:07,442 - aqt.updater - INFO - updater 6200 Patching D:\a\moonlight-qt\Qt\6.8.3\msvc2022_64\lib\Qt6QuickControlsTestUtilsd.prl
2026-05-09 10:16:07,442 - aqt.updater - INFO - updater 6200 Patching D:\a\moonlight-qt\Qt\6.8.3\msvc2022_64\lib\Qt6Quickd.prl
2026-05-09 10:16:07,443 - aqt.updater - INFO - updater 6200 Patching D:\a\moonlight-qt\Qt\6.8.3\msvc2022_64\lib\Qt6QuickDialogs2.prl
2026-05-09 10:16:07,443 - aqt.updater - INFO - updater 6200 Patching D:\a\moonlight-qt\Qt\6.8.3\msvc2022_64\lib\Qt6QuickDialogs2d.prl
2026-05-09 10:16:07,444 - aqt.updater - INFO - updater 6200 Patching D:\a\moonlight-qt\Qt\6.8.3\msvc2022_64\lib\Qt6QuickDialogs2QuickImpl.prl
2026-05-09 10:16:07,444 - aqt.updater - INFO - updater 6200 Patching D:\a\moonlight-qt\Qt\6.8.3\msvc2022_64\lib\Qt6QuickDialogs2QuickImpld.prl
2026-05-09 10:16:07,444 - aqt.updater - INFO - updater 6200 Patching D:\a\moonlight-qt\Qt\6.8.3\msvc2022_64\lib\Qt6QuickDialogs2Utils.prl
2026-05-09 10:16:07,445 - aqt.updater - INFO - updater 6200 Patching D:\a\moonlight-qt\Qt\6.8.3\msvc2022_64\lib\Qt6QuickDialogs2Utilsd.prl
2026-05-09 10:16:07,446 - aqt.updater - INFO - updater 6200 Patching D:\a\moonlight-qt\Qt\6.8.3\msvc2022_64\lib\Qt6QuickEffects.prl
2026-05-09 10:16:07,446 - aqt.updater - INFO - updater 6200 Patching D:\a\moonlight-qt\Qt\6.8.3\msvc2022_64\lib\Qt6QuickEffectsd.prl
2026-05-09 10:16:07,446 - aqt.updater - INFO - updater 6200 Patching D:\a\moonlight-qt\Qt\6.8.3\msvc2022_64\lib\Qt6QuickLayouts.prl
2026-05-09 10:16:07,447 - aqt.updater - INFO - updater 6200 Patching D:\a\moonlight-qt\Qt\6.8.3\msvc2022_64\lib\Qt6QuickLayoutsd.prl
2026-05-09 10:16:07,447 - aqt.updater - INFO - updater 6200 Patching D:\a\moonlight-qt\Qt\6.8.3\msvc2022_64\lib\Qt6QuickParticles.prl
2026-05-09 10:16:07,448 - aqt.updater - INFO - updater 6200 Patching D:\a\moonlight-qt\Qt\6.8.3\msvc2022_64\lib\Qt6QuickParticlesd.prl
2026-05-09 10:16:07,448 - aqt.updater - INFO - updater 6200 Patching D:\a\moonlight-qt\Qt\6.8.3\msvc2022_64\lib\Qt6QuickShapes.prl
2026-05-09 10:16:07,448 - aqt.updater - INFO - updater 6200 Patching D:\a\moonlight-qt\Qt\6.8.3\msvc2022_64\lib\Qt6QuickShapesd.prl
2026-05-09 10:16:07,449 - aqt.updater - INFO - updater 6200 Patching D:\a\moonlight-qt\Qt\6.8.3\msvc2022_64\lib\Qt6QuickTemplates2.prl
2026-05-09 10:16:07,450 - aqt.updater - INFO - updater 6200 Patching D:\a\moonlight-qt\Qt\6.8.3\msvc2022_64\lib\Qt6QuickTemplates2d.prl
2026-05-09 10:16:07,450 - aqt.updater - INFO - updater 6200 Patching D:\a\moonlight-qt\Qt\6.8.3\msvc2022_64\lib\Qt6QuickTest.prl
2026-05-09 10:16:07,450 - aqt.updater - INFO - updater 6200 Patching D:\a\moonlight-qt\Qt\6.8.3\msvc2022_64\lib\Qt6QuickTestd.prl
2026-05-09 10:16:07,451 - aqt.updater - INFO - updater 6200 Patching D:\a\moonlight-qt\Qt\6.8.3\msvc2022_64\lib\Qt6QuickTestUtils.prl
2026-05-09 10:16:07,451 - aqt.updater - INFO - updater 6200 Patching D:\a\moonlight-qt\Qt\6.8.3\msvc2022_64\lib\Qt6QuickTestUtilsd.prl
2026-05-09 10:16:07,452 - aqt.updater - INFO - updater 6200 Patching D:\a\moonlight-qt\Qt\6.8.3\msvc2022_64\lib\Qt6QuickVectorImage.prl
2026-05-09 10:16:07,452 - aqt.updater - INFO - updater 6200 Patching D:\a\moonlight-qt\Qt\6.8.3\msvc2022_64\lib\Qt6QuickVectorImaged.prl
2026-05-09 10:16:07,452 - aqt.updater - INFO - updater 6200 Patching D:\a\moonlight-qt\Qt\6.8.3\msvc2022_64\lib\Qt6QuickVectorImageGenerator.prl
2026-05-09 10:16:07,453 - aqt.updater - INFO - updater 6200 Patching D:\a\moonlight-qt\Qt\6.8.3\msvc2022_64\lib\Qt6QuickVectorImageGeneratord.prl
2026-05-09 10:16:07,454 - aqt.updater - INFO - updater 6200 Patching D:\a\moonlight-qt\Qt\6.8.3\msvc2022_64\lib\Qt6QuickWidgets.prl
2026-05-09 10:16:07,454 - aqt.updater - INFO - updater 6200 Patching D:\a\moonlight-qt\Qt\6.8.3\msvc2022_64\lib\Qt6QuickWidgetsd.prl
2026-05-09 10:16:07,454 - aqt.updater - INFO - updater 6200 Patching D:\a\moonlight-qt\Qt\6.8.3\msvc2022_64\lib\Qt6SpatialAudio.prl
2026-05-09 10:16:07,455 - aqt.updater - INFO - updater 6200 Patching D:\a\moonlight-qt\Qt\6.8.3\msvc2022_64\lib\Qt6SpatialAudiod.prl
2026-05-09 10:16:07,455 - aqt.updater - INFO - updater 6200 Patching D:\a\moonlight-qt\Qt\6.8.3\msvc2022_64\lib\Qt6Sql.prl
2026-05-09 10:16:07,456 - aqt.updater - INFO - updater 6200 Patching D:\a\moonlight-qt\Qt\6.8.3\msvc2022_64\lib\Qt6Sqld.prl
2026-05-09 10:16:07,456 - aqt.updater - INFO - updater 6200 Patching D:\a\moonlight-qt\Qt\6.8.3\msvc2022_64\lib\Qt6Svg.prl
2026-05-09 10:16:07,456 - aqt.updater - INFO - updater 6200 Patching D:\a\moonlight-qt\Qt\6.8.3\msvc2022_64\lib\Qt6Svgd.prl
2026-05-09 10:16:07,456 - aqt.updater - INFO - updater 6200 Patching D:\a\moonlight-qt\Qt\6.8.3\msvc2022_64\lib\Qt6SvgWidgets.prl
2026-05-09 10:16:07,458 - aqt.updater - INFO - updater 6200 Patching D:\a\moonlight-qt\Qt\6.8.3\msvc2022_64\lib\Qt6SvgWidgetsd.prl
2026-05-09 10:16:07,458 - aqt.updater - INFO - updater 6200 Patching D:\a\moonlight-qt\Qt\6.8.3\msvc2022_64\lib\Qt6Test.prl
2026-05-09 10:16:07,458 - aqt.updater - INFO - updater 6200 Patching D:\a\moonlight-qt\Qt\6.8.3\msvc2022_64\lib\Qt6Testd.prl
2026-05-09 10:16:07,458 - aqt.updater - INFO - updater 6200 Patching D:\a\moonlight-qt\Qt\6.8.3\msvc2022_64\lib\Qt6UiTools.prl
2026-05-09 10:16:07,460 - aqt.updater - INFO - updater 6200 Patching D:\a\moonlight-qt\Qt\6.8.3\msvc2022_64\lib\Qt6UiToolsd.prl
2026-05-09 10:16:07,460 - aqt.updater - INFO - updater 6200 Patching D:\a\moonlight-qt\Qt\6.8.3\msvc2022_64\lib\Qt6Widgets.prl
2026-05-09 10:16:07,460 - aqt.updater - INFO - updater 6200 Patching D:\a\moonlight-qt\Qt\6.8.3\msvc2022_64\lib\Qt6Widgetsd.prl
2026-05-09 10:16:07,460 - aqt.updater - INFO - updater 6200 Patching D:\a\moonlight-qt\Qt\6.8.3\msvc2022_64\lib\Qt6Xml.prl
2026-05-09 10:16:07,460 - aqt.updater - INFO - updater 6200 Patching D:\a\moonlight-qt\Qt\6.8.3\msvc2022_64\lib\Qt6Xmld.prl
2026-05-09 10:16:07,462 - aqt.main - INFO - installer 6200 Finished installation
2026-05-09 10:16:07,462 - aqt.main - INFO - installer 6200 Time elapsed: 28.16178680 second
2026-05-09 17:11:47,633 - aqt.main - INFO - installer 7552 aqtinstall(aqt) v3.1.21 on Python 3.11.9 [CPython MSC v.1938 64 bit (AMD64)]
2026-05-09 17:11:47,635 - aqt.helper - DEBUG - helper 7552 Attempt to download checksum at https://download.qt.io/online/qtsdkrepository/windows_x86/desktop/qt6_683/qt6_683/Updates.xml.sha256
2026-05-09 17:11:49,099 - aqt.helper - DEBUG - helper 7552 Attempt to download checksum at https://download.qt.io/online/qtsdkrepository/windows_x86/extensions/qtwebengine/683/msvc2022_64/Updates.xml.sha256
2026-05-09 17:11:50,370 - aqt.archives - INFO - archives 7552 Found extension qtwebengine
2026-05-09 17:11:50,370 - aqt.helper - DEBUG - helper 7552 Attempt to download checksum at https://download.qt.io/online/qtsdkrepository/windows_x86/extensions/qtpdf/683/msvc2022_64/Updates.xml.sha256
2026-05-09 17:11:51,733 - aqt.archives - INFO - archives 7552 Found extension qtpdf
2026-05-09 17:11:52,477 - aqt.helper - DEBUG - helper 7096 Attempt to download checksum at https://download.qt.io/online/qtsdkrepository/windows_x86/desktop/qt6_683/qt6_683/qt.qt6.683.addons.qtmultimedia.win64_msvc2022_64/6.8.3-0-202503201308qtmultimedia-Windows-Windows_11_23H2-MSVC2022-Windows-Windows_11_23H2-X86_64.7z.sha256
2026-05-09 17:11:52,479 - aqt.helper - DEBUG - helper 9320 Attempt to download checksum at https://download.qt.io/online/qtsdkrepository/windows_x86/desktop/qt6_683/qt6_683/qt.qt6.683.win64_msvc2022_64/6.8.3-0-202503201308qtbase-Windows-Windows_11_23H2-MSVC2022-Windows-Windows_11_23H2-X86_64.7z.sha256
2026-05-09 17:11:52,479 - aqt.helper - DEBUG - helper 9368 Attempt to download checksum at https://download.qt.io/online/qtsdkrepository/windows_x86/desktop/qt6_683/qt6_683/qt.qt6.683.win64_msvc2022_64/6.8.3-0-202503201308qtsvg-Windows-Windows_11_23H2-MSVC2022-Windows-Windows_11_23H2-X86_64.7z.sha256
2026-05-09 17:11:52,481 - aqt.helper - DEBUG - helper 3348 Attempt to download checksum at https://download.qt.io/online/qtsdkrepository/windows_x86/desktop/qt6_683/qt6_683/qt.qt6.683.win64_msvc2022_64/6.8.3-0-202503201308qtdeclarative-Windows-Windows_11_23H2-MSVC2022-Windows-Windows_11_23H2-X86_64.7z.sha256
2026-05-09 17:11:53,275 - aqt.helper - INFO - helper 9320 Downloading qtbase...
2026-05-09 17:11:53,275 - aqt.installer - DEBUG - installer 9320 Download URL: https://download.qt.io/online/qtsdkrepository/windows_x86/desktop/qt6_683/qt6_683/qt.qt6.683.win64_msvc2022_64/6.8.3-0-202503201308qtbase-Windows-Windows_11_23H2-MSVC2022-Windows-Windows_11_23H2-X86_64.7z
2026-05-09 17:11:53,287 - aqt.helper - INFO - helper 9368 Downloading qtsvg...
2026-05-09 17:11:53,287 - aqt.installer - DEBUG - installer 9368 Download URL: https://download.qt.io/online/qtsdkrepository/windows_x86/desktop/qt6_683/qt6_683/qt.qt6.683.win64_msvc2022_64/6.8.3-0-202503201308qtsvg-Windows-Windows_11_23H2-MSVC2022-Windows-Windows_11_23H2-X86_64.7z
2026-05-09 17:11:53,291 - aqt.helper - INFO - helper 7096 Downloading qtmultimedia...
2026-05-09 17:11:53,291 - aqt.installer - DEBUG - installer 7096 Download URL: https://download.qt.io/online/qtsdkrepository/windows_x86/desktop/qt6_683/qt6_683/qt.qt6.683.addons.qtmultimedia.win64_msvc2022_64/6.8.3-0-202503201308qtmultimedia-Windows-Windows_11_23H2-MSVC2022-Windows-Windows_11_23H2-X86_64.7z
2026-05-09 17:11:53,317 - aqt.helper - INFO - helper 3348 Downloading qtdeclarative...
2026-05-09 17:11:53,317 - aqt.installer - DEBUG - installer 3348 Download URL: https://download.qt.io/online/qtsdkrepository/windows_x86/desktop/qt6_683/qt6_683/qt.qt6.683.win64_msvc2022_64/6.8.3-0-202503201308qtdeclarative-Windows-Windows_11_23H2-MSVC2022-Windows-Windows_11_23H2-X86_64.7z
2026-05-09 17:11:54,059 - aqt.helper - DEBUG - helper 9368 Asked to redirect(302) to: https://qt.mirror.constant.com/online/qtsdkrepository/windows_x86/desktop/qt6_683/qt6_683/qt.qt6.683.win64_msvc2022_64/6.8.3-0-202503201308qtsvg-Windows-Windows_11_23H2-MSVC2022-Windows-Windows_11_23H2-X86_64.7z
2026-05-09 17:11:54,059 - aqt.helper - INFO - helper 9368 Redirected: qt.mirror.constant.com
2026-05-09 17:11:54,059 - aqt.helper - DEBUG - helper 9320 Asked to redirect(302) to: https://qt.mirror.constant.com/online/qtsdkrepository/windows_x86/desktop/qt6_683/qt6_683/qt.qt6.683.win64_msvc2022_64/6.8.3-0-202503201308qtbase-Windows-Windows_11_23H2-MSVC2022-Windows-Windows_11_23H2-X86_64.7z
2026-05-09 17:11:54,059 - aqt.helper - INFO - helper 9320 Redirected: qt.mirror.constant.com
2026-05-09 17:11:54,075 - aqt.helper - DEBUG - helper 7096 Asked to redirect(302) to: https://qt.mirror.constant.com/online/qtsdkrepository/windows_x86/desktop/qt6_683/qt6_683/qt.qt6.683.addons.qtmultimedia.win64_msvc2022_64/6.8.3-0-202503201308qtmultimedia-Windows-Windows_11_23H2-MSVC2022-Windows-Windows_11_23H2-X86_64.7z
2026-05-09 17:11:54,075 - aqt.helper - INFO - helper 7096 Redirected: qt.mirror.constant.com
2026-05-09 17:11:54,087 - aqt.helper - DEBUG - helper 3348 Asked to redirect(302) to: https://qt.mirror.constant.com/online/qtsdkrepository/windows_x86/desktop/qt6_683/qt6_683/qt.qt6.683.win64_msvc2022_64/6.8.3-0-202503201308qtdeclarative-Windows-Windows_11_23H2-MSVC2022-Windows-Windows_11_23H2-X86_64.7z
2026-05-09 17:11:54,087 - aqt.helper - INFO - helper 3348 Redirected: qt.mirror.constant.com
2026-05-09 17:11:54,789 - aqt.installer - INFO - installer 9368 Finished installation of qtsvg-Windows-Windows_11_23H2-MSVC2022-Windows-Windows_11_23H2-X86_64.7z in 2.31225040
2026-05-09 17:11:54,819 - aqt.helper - DEBUG - helper 9368 Attempt to download checksum at https://download.qt.io/online/qtsdkrepository/windows_x86/desktop/qt6_683/qt6_683/qt.qt6.683.win64_msvc2022_64/6.8.3-0-202503201308qttools-Windows-Windows_11_23H2-MSVC2022-Windows-Windows_11_23H2-X86_64.7z.sha256
2026-05-09 17:11:55,682 - aqt.helper - INFO - helper 9368 Downloading qttools...
2026-05-09 17:11:55,682 - aqt.installer - DEBUG - installer 9368 Download URL: https://download.qt.io/online/qtsdkrepository/windows_x86/desktop/qt6_683/qt6_683/qt.qt6.683.win64_msvc2022_64/6.8.3-0-202503201308qttools-Windows-Windows_11_23H2-MSVC2022-Windows-Windows_11_23H2-X86_64.7z
2026-05-09 17:11:56,492 - aqt.helper - DEBUG - helper 9368 Asked to redirect(302) to: https://qt.mirror.constant.com/online/qtsdkrepository/windows_x86/desktop/qt6_683/qt6_683/qt.qt6.683.win64_msvc2022_64/6.8.3-0-202503201308qttools-Windows-Windows_11_23H2-MSVC2022-Windows-Windows_11_23H2-X86_64.7z
2026-05-09 17:11:56,494 - aqt.helper - INFO - helper 9368 Redirected: qt.mirror.constant.com
2026-05-09 17:12:00,360 - aqt.installer - INFO - installer 9368 Finished installation of qttools-Windows-Windows_11_23H2-MSVC2022-Windows-Windows_11_23H2-X86_64.7z in 5.54232100
2026-05-09 17:12:00,378 - aqt.helper - DEBUG - helper 9368 Attempt to download checksum at https://download.qt.io/online/qtsdkrepository/windows_x86/desktop/qt6_683/qt6_683/qt.qt6.683.win64_msvc2022_64/6.8.3-0-202503201308qttranslations-Windows-Windows_11_23H2-MSVC2022-Windows-Windows_11_23H2-X86_64.7z.sha256
2026-05-09 17:12:00,744 - aqt.installer - INFO - installer 7096 Finished installation of qtmultimedia-Windows-Windows_11_23H2-MSVC2022-Windows-Windows_11_23H2-X86_64.7z in 8.26818930
2026-05-09 17:12:00,768 - aqt.helper - DEBUG - helper 7096 Attempt to download checksum at https://download.qt.io/online/qtsdkrepository/windows_x86/desktop/qt6_683/qt6_683/qt.qt6.683.win64_msvc2022_64/6.8.3-0-202503201308d3dcompiler_47-x64.7z.sha256
2026-05-09 17:12:01,179 - aqt.helper - INFO - helper 9368 Downloading qttranslations...
2026-05-09 17:12:01,179 - aqt.installer - DEBUG - installer 9368 Download URL: https://download.qt.io/online/qtsdkrepository/windows_x86/desktop/qt6_683/qt6_683/qt.qt6.683.win64_msvc2022_64/6.8.3-0-202503201308qttranslations-Windows-Windows_11_23H2-MSVC2022-Windows-Windows_11_23H2-X86_64.7z
2026-05-09 17:12:01,468 - aqt.helper - INFO - helper 7096 Downloading d3dcompiler_47...
2026-05-09 17:12:01,468 - aqt.installer - DEBUG - installer 7096 Download URL: https://download.qt.io/online/qtsdkrepository/windows_x86/desktop/qt6_683/qt6_683/qt.qt6.683.win64_msvc2022_64/6.8.3-0-202503201308d3dcompiler_47-x64.7z
2026-05-09 17:12:01,838 - aqt.installer - INFO - installer 9320 Finished installation of qtbase-Windows-Windows_11_23H2-MSVC2022-Windows-Windows_11_23H2-X86_64.7z in 9.36152610
2026-05-09 17:12:01,862 - aqt.helper - DEBUG - helper 9320 Attempt to download checksum at https://download.qt.io/online/qtsdkrepository/windows_x86/desktop/qt6_683/qt6_683/qt.qt6.683.win64_msvc2022_64/6.8.3-0-202503201308opengl32sw-64-mesa_11_2_2-signed_sha256.7z.sha256
2026-05-09 17:12:01,945 - aqt.helper - DEBUG - helper 9368 Asked to redirect(302) to: https://qt.mirror.constant.com/online/qtsdkrepository/windows_x86/desktop/qt6_683/qt6_683/qt.qt6.683.win64_msvc2022_64/6.8.3-0-202503201308qttranslations-Windows-Windows_11_23H2-MSVC2022-Windows-Windows_11_23H2-X86_64.7z
2026-05-09 17:12:01,945 - aqt.helper - INFO - helper 9368 Redirected: qt.mirror.constant.com
2026-05-09 17:12:02,245 - aqt.helper - DEBUG - helper 7096 Asked to redirect(302) to: https://qt.mirror.constant.com/online/qtsdkrepository/windows_x86/desktop/qt6_683/qt6_683/qt.qt6.683.win64_msvc2022_64/6.8.3-0-202503201308d3dcompiler_47-x64.7z
2026-05-09 17:12:02,245 - aqt.helper - INFO - helper 7096 Redirected: qt.mirror.constant.com
2026-05-09 17:12:02,587 - aqt.helper - INFO - helper 9320 Downloading opengl32sw...
2026-05-09 17:12:02,587 - aqt.installer - DEBUG - installer 9320 Download URL: https://download.qt.io/online/qtsdkrepository/windows_x86/desktop/qt6_683/qt6_683/qt.qt6.683.win64_msvc2022_64/6.8.3-0-202503201308opengl32sw-64-mesa_11_2_2-signed_sha256.7z
2026-05-09 17:12:02,847 - aqt.installer - INFO - installer 9368 Finished installation of qttranslations-Windows-Windows_11_23H2-MSVC2022-Windows-Windows_11_23H2-X86_64.7z in 2.47024180
2026-05-09 17:12:02,912 - aqt.installer - INFO - installer 7096 Finished installation of d3dcompiler_47-x64.7z in 2.14827920
2026-05-09 17:12:03,294 - aqt.helper - DEBUG - helper 9320 Asked to redirect(302) to: https://qt.mirror.constant.com/online/qtsdkrepository/windows_x86/desktop/qt6_683/qt6_683/qt.qt6.683.win64_msvc2022_64/6.8.3-0-202503201308opengl32sw-64-mesa_11_2_2-signed_sha256.7z
2026-05-09 17:12:03,294 - aqt.helper - INFO - helper 9320 Redirected: qt.mirror.constant.com
2026-05-09 17:12:04,283 - aqt.installer - INFO - installer 9320 Finished installation of opengl32sw-64-mesa_11_2_2-signed_sha256.7z in 2.42426960
2026-05-09 17:12:16,170 - aqt.installer - INFO - installer 3348 Finished installation of qtdeclarative-Windows-Windows_11_23H2-MSVC2022-Windows-Windows_11_23H2-X86_64.7z in 23.69278710
2026-05-09 17:12:16,311 - aqt.updater - INFO - updater 7552 Patching D:\a\moonlight-qt\Qt\6.8.3\msvc2022_64\bin\qmake.exe
2026-05-09 17:12:16,315 - aqt.updater - INFO - updater 7552 Patching D:\a\moonlight-qt\Qt\6.8.3\msvc2022_64\lib\Qt6Concurrent.prl
2026-05-09 17:12:16,317 - aqt.updater - INFO - updater 7552 Patching D:\a\moonlight-qt\Qt\6.8.3\msvc2022_64\lib\Qt6Concurrentd.prl
2026-05-09 17:12:16,317 - aqt.updater - INFO - updater 7552 Patching D:\a\moonlight-qt\Qt\6.8.3\msvc2022_64\lib\Qt6Core.prl
2026-05-09 17:12:16,317 - aqt.updater - INFO - updater 7552 Patching D:\a\moonlight-qt\Qt\6.8.3\msvc2022_64\lib\Qt6Cored.prl
2026-05-09 17:12:16,319 - aqt.updater - INFO - updater 7552 Patching D:\a\moonlight-qt\Qt\6.8.3\msvc2022_64\lib\Qt6DBus.prl
2026-05-09 17:12:16,319 - aqt.updater - INFO - updater 7552 Patching D:\a\moonlight-qt\Qt\6.8.3\msvc2022_64\lib\Qt6DBusd.prl
2026-05-09 17:12:16,319 - aqt.updater - INFO - updater 7552 Patching D:\a\moonlight-qt\Qt\6.8.3\msvc2022_64\lib\Qt6Designer.prl
2026-05-09 17:12:16,319 - aqt.updater - INFO - updater 7552 Patching D:\a\moonlight-qt\Qt\6.8.3\msvc2022_64\lib\Qt6DesignerComponents.prl
2026-05-09 17:12:16,321 - aqt.updater - INFO - updater 7552 Patching D:\a\moonlight-qt\Qt\6.8.3\msvc2022_64\lib\Qt6DesignerComponentsd.prl
2026-05-09 17:12:16,321 - aqt.updater - INFO - updater 7552 Patching D:\a\moonlight-qt\Qt\6.8.3\msvc2022_64\lib\Qt6Designerd.prl
2026-05-09 17:12:16,321 - aqt.updater - INFO - updater 7552 Patching D:\a\moonlight-qt\Qt\6.8.3\msvc2022_64\lib\Qt6DeviceDiscoverySupport.prl
2026-05-09 17:12:16,321 - aqt.updater - INFO - updater 7552 Patching D:\a\moonlight-qt\Qt\6.8.3\msvc2022_64\lib\Qt6DeviceDiscoverySupportd.prl
2026-05-09 17:12:16,323 - aqt.updater - INFO - updater 7552 Patching D:\a\moonlight-qt\Qt\6.8.3\msvc2022_64\lib\Qt6EntryPoint.prl
2026-05-09 17:12:16,323 - aqt.updater - INFO - updater 7552 Patching D:\a\moonlight-qt\Qt\6.8.3\msvc2022_64\lib\Qt6EntryPointd.prl
2026-05-09 17:12:16,323 - aqt.updater - INFO - updater 7552 Patching D:\a\moonlight-qt\Qt\6.8.3\msvc2022_64\lib\Qt6ExampleIcons.prl
2026-05-09 17:12:16,323 - aqt.updater - INFO - updater 7552 Patching D:\a\moonlight-qt\Qt\6.8.3\msvc2022_64\lib\Qt6ExampleIconsd.prl
2026-05-09 17:12:16,325 - aqt.updater - INFO - updater 7552 Patching D:\a\moonlight-qt\Qt\6.8.3\msvc2022_64\lib\Qt6ExamplesAssetDownloader.prl
2026-05-09 17:12:16,325 - aqt.updater - INFO - updater 7552 Patching D:\a\moonlight-qt\Qt\6.8.3\msvc2022_64\lib\Qt6ExamplesAssetDownloaderd.prl
2026-05-09 17:12:16,325 - aqt.updater - INFO - updater 7552 Patching D:\a\moonlight-qt\Qt\6.8.3\msvc2022_64\lib\Qt6FbSupport.prl
2026-05-09 17:12:16,325 - aqt.updater - INFO - updater 7552 Patching D:\a\moonlight-qt\Qt\6.8.3\msvc2022_64\lib\Qt6FbSupportd.prl
2026-05-09 17:12:16,327 - aqt.updater - INFO - updater 7552 Patching D:\a\moonlight-qt\Qt\6.8.3\msvc2022_64\lib\Qt6FFmpegMediaPluginImpl.prl
2026-05-09 17:12:16,327 - aqt.updater - INFO - updater 7552 Patching D:\a\moonlight-qt\Qt\6.8.3\msvc2022_64\lib\Qt6FFmpegMediaPluginImpld.prl
2026-05-09 17:12:16,327 - aqt.updater - INFO - updater 7552 Patching D:\a\moonlight-qt\Qt\6.8.3\msvc2022_64\lib\Qt6Gui.prl
2026-05-09 17:12:16,329 - aqt.updater - INFO - updater 7552 Patching D:\a\moonlight-qt\Qt\6.8.3\msvc2022_64\lib\Qt6Guid.prl
2026-05-09 17:12:16,329 - aqt.updater - INFO - updater 7552 Patching D:\a\moonlight-qt\Qt\6.8.3\msvc2022_64\lib\Qt6Help.prl
2026-05-09 17:12:16,329 - aqt.updater - INFO - updater 7552 Patching D:\a\moonlight-qt\Qt\6.8.3\msvc2022_64\lib\Qt6Helpd.prl
2026-05-09 17:12:16,329 - aqt.updater - INFO - updater 7552 Patching D:\a\moonlight-qt\Qt\6.8.3\msvc2022_64\lib\Qt6LabsAnimation.prl
2026-05-09 17:12:16,331 - aqt.updater - INFO - updater 7552 Patching D:\a\moonlight-qt\Qt\6.8.3\msvc2022_64\lib\Qt6LabsAnimationd.prl
2026-05-09 17:12:16,331 - aqt.updater - INFO - updater 7552 Patching D:\a\moonlight-qt\Qt\6.8.3\msvc2022_64\lib\Qt6LabsFolderListModel.prl
2026-05-09 17:12:16,332 - aqt.updater - INFO - updater 7552 Patching D:\a\moonlight-qt\Qt\6.8.3\msvc2022_64\lib\Qt6LabsFolderListModeld.prl
2026-05-09 17:12:16,332 - aqt.updater - INFO - updater 7552 Patching D:\a\moonlight-qt\Qt\6.8.3\msvc2022_64\lib\Qt6LabsPlatform.prl
2026-05-09 17:12:16,333 - aqt.updater - INFO - updater 7552 Patching D:\a\moonlight-qt\Qt\6.8.3\msvc2022_64\lib\Qt6LabsPlatformd.prl
2026-05-09 17:12:16,333 - aqt.updater - INFO - updater 7552 Patching D:\a\moonlight-qt\Qt\6.8.3\msvc2022_64\lib\Qt6LabsQmlModels.prl
2026-05-09 17:12:16,334 - aqt.updater - INFO - updater 7552 Patching D:\a\moonlight-qt\Qt\6.8.3\msvc2022_64\lib\Qt6LabsQmlModelsd.prl
2026-05-09 17:12:16,334 - aqt.updater - INFO - updater 7552 Patching D:\a\moonlight-qt\Qt\6.8.3\msvc2022_64\lib\Qt6LabsSettings.prl
2026-05-09 17:12:16,335 - aqt.updater - INFO - updater 7552 Patching D:\a\moonlight-qt\Qt\6.8.3\msvc2022_64\lib\Qt6LabsSettingsd.prl
2026-05-09 17:12:16,335 - aqt.updater - INFO - updater 7552 Patching D:\a\moonlight-qt\Qt\6.8.3\msvc2022_64\lib\Qt6LabsSharedImage.prl
2026-05-09 17:12:16,336 - aqt.updater - INFO - updater 7552 Patching D:\a\moonlight-qt\Qt\6.8.3\msvc2022_64\lib\Qt6LabsSharedImaged.prl
2026-05-09 17:12:16,336 - aqt.updater - INFO - updater 7552 Patching D:\a\moonlight-qt\Qt\6.8.3\msvc2022_64\lib\Qt6LabsWavefrontMesh.prl
2026-05-09 17:12:16,336 - aqt.updater - INFO - updater 7552 Patching D:\a\moonlight-qt\Qt\6.8.3\msvc2022_64\lib\Qt6LabsWavefrontMeshd.prl
2026-05-09 17:12:16,337 - aqt.updater - INFO - updater 7552 Patching D:\a\moonlight-qt\Qt\6.8.3\msvc2022_64\lib\Qt6Multimedia.prl
2026-05-09 17:12:16,338 - aqt.updater - INFO - updater 7552 Patching D:\a\moonlight-qt\Qt\6.8.3\msvc2022_64\lib\Qt6Multimediad.prl
2026-05-09 17:12:16,338 - aqt.updater - INFO - updater 7552 Patching D:\a\moonlight-qt\Qt\6.8.3\msvc2022_64\lib\Qt6MultimediaQuick.prl
2026-05-09 17:12:16,339 - aqt.updater - INFO - updater 7552 Patching D:\a\moonlight-qt\Qt\6.8.3\msvc2022_64\lib\Qt6MultimediaQuickd.prl
2026-05-09 17:12:16,339 - aqt.updater - INFO - updater 7552 Patching D:\a\moonlight-qt\Qt\6.8.3\msvc2022_64\lib\Qt6MultimediaTestLib.prl
2026-05-09 17:12:16,340 - aqt.updater - INFO - updater 7552 Patching D:\a\moonlight-qt\Qt\6.8.3\msvc2022_64\lib\Qt6MultimediaTestLibd.prl
2026-05-09 17:12:16,340 - aqt.updater - INFO - updater 7552 Patching D:\a\moonlight-qt\Qt\6.8.3\msvc2022_64\lib\Qt6MultimediaWidgets.prl
2026-05-09 17:12:16,341 - aqt.updater - INFO - updater 7552 Patching D:\a\moonlight-qt\Qt\6.8.3\msvc2022_64\lib\Qt6MultimediaWidgetsd.prl
2026-05-09 17:12:16,341 - aqt.updater - INFO - updater 7552 Patching D:\a\moonlight-qt\Qt\6.8.3\msvc2022_64\lib\Qt6Network.prl
2026-05-09 17:12:16,342 - aqt.updater - INFO - updater 7552 Patching D:\a\moonlight-qt\Qt\6.8.3\msvc2022_64\lib\Qt6Networkd.prl
2026-05-09 17:12:16,342 - aqt.updater - INFO - updater 7552 Patching D:\a\moonlight-qt\Qt\6.8.3\msvc2022_64\lib\Qt6OpenGL.prl
2026-05-09 17:12:16,342 - aqt.updater - INFO - updater 7552 Patching D:\a\moonlight-qt\Qt\6.8.3\msvc2022_64\lib\Qt6OpenGLd.prl
2026-05-09 17:12:16,343 - aqt.updater - INFO - updater 7552 Patching D:\a\moonlight-qt\Qt\6.8.3\msvc2022_64\lib\Qt6OpenGLWidgets.prl
2026-05-09 17:12:16,344 - aqt.updater - INFO - updater 7552 Patching D:\a\moonlight-qt\Qt\6.8.3\msvc2022_64\lib\Qt6OpenGLWidgetsd.prl
2026-05-09 17:12:16,344 - aqt.updater - INFO - updater 7552 Patching D:\a\moonlight-qt\Qt\6.8.3\msvc2022_64\lib\Qt6PacketProtocol.prl
2026-05-09 17:12:16,345 - aqt.updater - INFO - updater 7552 Patching D:\a\moonlight-qt\Qt\6.8.3\msvc2022_64\lib\Qt6PacketProtocold.prl
2026-05-09 17:12:16,345 - aqt.updater - INFO - updater 7552 Patching D:\a\moonlight-qt\Qt\6.8.3\msvc2022_64\lib\Qt6PrintSupport.prl
2026-05-09 17:12:16,345 - aqt.updater - INFO - updater 7552 Patching D:\a\moonlight-qt\Qt\6.8.3\msvc2022_64\lib\Qt6PrintSupportd.prl
2026-05-09 17:12:16,345 - aqt.updater - INFO - updater 7552 Patching D:\a\moonlight-qt\Qt\6.8.3\msvc2022_64\lib\Qt6Qml.prl
2026-05-09 17:12:16,347 - aqt.updater - INFO - updater 7552 Patching D:\a\moonlight-qt\Qt\6.8.3\msvc2022_64\lib\Qt6QmlAssetDownloader.prl
2026-05-09 17:12:16,347 - aqt.updater - INFO - updater 7552 Patching D:\a\moonlight-qt\Qt\6.8.3\msvc2022_64\lib\Qt6QmlAssetDownloaderd.prl
2026-05-09 17:12:16,347 - aqt.updater - INFO - updater 7552 Patching D:\a\moonlight-qt\Qt\6.8.3\msvc2022_64\lib\Qt6QmlCompiler.prl
2026-05-09 17:12:16,347 - aqt.updater - INFO - updater 7552 Patching D:\a\moonlight-qt\Qt\6.8.3\msvc2022_64\lib\Qt6QmlCompilerd.prl
2026-05-09 17:12:16,349 - aqt.updater - INFO - updater 7552 Patching D:\a\moonlight-qt\Qt\6.8.3\msvc2022_64\lib\Qt6QmlCore.prl
2026-05-09 17:12:16,349 - aqt.updater - INFO - updater 7552 Patching D:\a\moonlight-qt\Qt\6.8.3\msvc2022_64\lib\Qt6QmlCored.prl
2026-05-09 17:12:16,349 - aqt.updater - INFO - updater 7552 Patching D:\a\moonlight-qt\Qt\6.8.3\msvc2022_64\lib\Qt6Qmld.prl
2026-05-09 17:12:16,349 - aqt.updater - INFO - updater 7552 Patching D:\a\moonlight-qt\Qt\6.8.3\msvc2022_64\lib\Qt6QmlDebug.prl
2026-05-09 17:12:16,351 - aqt.updater - INFO - updater 7552 Patching D:\a\moonlight-qt\Qt\6.8.3\msvc2022_64\lib\Qt6QmlDebugd.prl
2026-05-09 17:12:16,351 - aqt.updater - INFO - updater 7552 Patching D:\a\moonlight-qt\Qt\6.8.3\msvc2022_64\lib\Qt6QmlDom.prl
2026-05-09 17:12:16,351 - aqt.updater - INFO - updater 7552 Patching D:\a\moonlight-qt\Qt\6.8.3\msvc2022_64\lib\Qt6QmlDomd.prl
2026-05-09 17:12:16,351 - aqt.updater - INFO - updater 7552 Patching D:\a\moonlight-qt\Qt\6.8.3\msvc2022_64\lib\Qt6QmlLocalStorage.prl
2026-05-09 17:12:16,353 - aqt.updater - INFO - updater 7552 Patching D:\a\moonlight-qt\Qt\6.8.3\msvc2022_64\lib\Qt6QmlLocalStoraged.prl
2026-05-09 17:12:16,353 - aqt.updater - INFO - updater 7552 Patching D:\a\moonlight-qt\Qt\6.8.3\msvc2022_64\lib\Qt6QmlLS.prl
2026-05-09 17:12:16,353 - aqt.updater - INFO - updater 7552 Patching D:\a\moonlight-qt\Qt\6.8.3\msvc2022_64\lib\Qt6QmlLSd.prl
2026-05-09 17:12:16,353 - aqt.updater - INFO - updater 7552 Patching D:\a\moonlight-qt\Qt\6.8.3\msvc2022_64\lib\Qt6QmlMeta.prl
2026-05-09 17:12:16,355 - aqt.updater - INFO - updater 7552 Patching D:\a\moonlight-qt\Qt\6.8.3\msvc2022_64\lib\Qt6QmlMetad.prl
2026-05-09 17:12:16,355 - aqt.updater - INFO - updater 7552 Patching D:\a\moonlight-qt\Qt\6.8.3\msvc2022_64\lib\Qt6QmlModels.prl
2026-05-09 17:12:16,355 - aqt.updater - INFO - updater 7552 Patching D:\a\moonlight-qt\Qt\6.8.3\msvc2022_64\lib\Qt6QmlModelsd.prl
2026-05-09 17:12:16,355 - aqt.updater - INFO - updater 7552 Patching D:\a\moonlight-qt\Qt\6.8.3\msvc2022_64\lib\Qt6QmlNetwork.prl
2026-05-09 17:12:16,357 - aqt.updater - INFO - updater 7552 Patching D:\a\moonlight-qt\Qt\6.8.3\msvc2022_64\lib\Qt6QmlNetworkd.prl
2026-05-09 17:12:16,357 - aqt.updater - INFO - updater 7552 Patching D:\a\moonlight-qt\Qt\6.8.3\msvc2022_64\lib\Qt6QmlToolingSettings.prl
2026-05-09 17:12:16,357 - aqt.updater - INFO - updater 7552 Patching D:\a\moonlight-qt\Qt\6.8.3\msvc2022_64\lib\Qt6QmlToolingSettingsd.prl
2026-05-09 17:12:16,357 - aqt.updater - INFO - updater 7552 Patching D:\a\moonlight-qt\Qt\6.8.3\msvc2022_64\lib\Qt6QmlTypeRegistrar.prl
2026-05-09 17:12:16,359 - aqt.updater - INFO - updater 7552 Patching D:\a\moonlight-qt\Qt\6.8.3\msvc2022_64\lib\Qt6QmlTypeRegistrard.prl
2026-05-09 17:12:16,359 - aqt.updater - INFO - updater 7552 Patching D:\a\moonlight-qt\Qt\6.8.3\msvc2022_64\lib\Qt6QmlWorkerScript.prl
2026-05-09 17:12:16,359 - aqt.updater - INFO - updater 7552 Patching D:\a\moonlight-qt\Qt\6.8.3\msvc2022_64\lib\Qt6QmlWorkerScriptd.prl
2026-05-09 17:12:16,361 - aqt.updater - INFO - updater 7552 Patching D:\a\moonlight-qt\Qt\6.8.3\msvc2022_64\lib\Qt6QmlXmlListModel.prl
2026-05-09 17:12:16,361 - aqt.updater - INFO - updater 7552 Patching D:\a\moonlight-qt\Qt\6.8.3\msvc2022_64\lib\Qt6QmlXmlListModeld.prl
2026-05-09 17:12:16,361 - aqt.updater - INFO - updater 7552 Patching D:\a\moonlight-qt\Qt\6.8.3\msvc2022_64\lib\Qt6Quick.prl
2026-05-09 17:12:16,361 - aqt.updater - INFO - updater 7552 Patching D:\a\moonlight-qt\Qt\6.8.3\msvc2022_64\lib\Qt6Quick3DSpatialAudio.prl
2026-05-09 17:12:16,363 - aqt.updater - INFO - updater 7552 Patching D:\a\moonlight-qt\Qt\6.8.3\msvc2022_64\lib\Qt6Quick3DSpatialAudiod.prl
2026-05-09 17:12:16,363 - aqt.updater - INFO - updater 7552 Patching D:\a\moonlight-qt\Qt\6.8.3\msvc2022_64\lib\Qt6QuickControls2.prl
2026-05-09 17:12:16,363 - aqt.updater - INFO - updater 7552 Patching D:\a\moonlight-qt\Qt\6.8.3\msvc2022_64\lib\Qt6QuickControls2Basic.prl
2026-05-09 17:12:16,363 - aqt.updater - INFO - updater 7552 Patching D:\a\moonlight-qt\Qt\6.8.3\msvc2022_64\lib\Qt6QuickControls2Basicd.prl
2026-05-09 17:12:16,363 - aqt.updater - INFO - updater 7552 Patching D:\a\moonlight-qt\Qt\6.8.3\msvc2022_64\lib\Qt6QuickControls2BasicStyleImpl.prl
2026-05-09 17:12:16,365 - aqt.updater - INFO - updater 7552 Patching D:\a\moonlight-qt\Qt\6.8.3\msvc2022_64\lib\Qt6QuickControls2BasicStyleImpld.prl
2026-05-09 17:12:16,365 - aqt.updater - INFO - updater 7552 Patching D:\a\moonlight-qt\Qt\6.8.3\msvc2022_64\lib\Qt6QuickControls2d.prl
2026-05-09 17:12:16,365 - aqt.updater - INFO - updater 7552 Patching D:\a\moonlight-qt\Qt\6.8.3\msvc2022_64\lib\Qt6QuickControls2FluentWinUI3StyleImpl.prl
2026-05-09 17:12:16,365 - aqt.updater - INFO - updater 7552 Patching D:\a\moonlight-qt\Qt\6.8.3\msvc2022_64\lib\Qt6QuickControls2FluentWinUI3StyleImpld.prl
2026-05-09 17:12:16,367 - aqt.updater - INFO - updater 7552 Patching D:\a\moonlight-qt\Qt\6.8.3\msvc2022_64\lib\Qt6QuickControls2Fusion.prl
2026-05-09 17:12:16,367 - aqt.updater - INFO - updater 7552 Patching D:\a\moonlight-qt\Qt\6.8.3\msvc2022_64\lib\Qt6QuickControls2Fusiond.prl
2026-05-09 17:12:16,367 - aqt.updater - INFO - updater 7552 Patching D:\a\moonlight-qt\Qt\6.8.3\msvc2022_64\lib\Qt6QuickControls2FusionStyleImpl.prl
2026-05-09 17:12:16,367 - aqt.updater - INFO - updater 7552 Patching D:\a\moonlight-qt\Qt\6.8.3\msvc2022_64\lib\Qt6QuickControls2FusionStyleImpld.prl
2026-05-09 17:12:16,369 - aqt.updater - INFO - updater 7552 Patching D:\a\moonlight-qt\Qt\6.8.3\msvc2022_64\lib\Qt6QuickControls2Imagine.prl
2026-05-09 17:12:16,369 - aqt.updater - INFO - updater 7552 Patching D:\a\moonlight-qt\Qt\6.8.3\msvc2022_64\lib\Qt6QuickControls2Imagined.prl
2026-05-09 17:12:16,369 - aqt.updater - INFO - updater 7552 Patching D:\a\moonlight-qt\Qt\6.8.3\msvc2022_64\lib\Qt6QuickControls2ImagineStyleImpl.prl
2026-05-09 17:12:16,369 - aqt.updater - INFO - updater 7552 Patching D:\a\moonlight-qt\Qt\6.8.3\msvc2022_64\lib\Qt6QuickControls2ImagineStyleImpld.prl
2026-05-09 17:12:16,371 - aqt.updater - INFO - updater 7552 Patching D:\a\moonlight-qt\Qt\6.8.3\msvc2022_64\lib\Qt6QuickControls2Impl.prl
2026-05-09 17:12:16,371 - aqt.updater - INFO - updater 7552 Patching D:\a\moonlight-qt\Qt\6.8.3\msvc2022_64\lib\Qt6QuickControls2Impld.prl
2026-05-09 17:12:16,371 - aqt.updater - INFO - updater 7552 Patching D:\a\moonlight-qt\Qt\6.8.3\msvc2022_64\lib\Qt6QuickControls2Material.prl
2026-05-09 17:12:16,371 - aqt.updater - INFO - updater 7552 Patching D:\a\moonlight-qt\Qt\6.8.3\msvc2022_64\lib\Qt6QuickControls2Materiald.prl
2026-05-09 17:12:16,373 - aqt.updater - INFO - updater 7552 Patching D:\a\moonlight-qt\Qt\6.8.3\msvc2022_64\lib\Qt6QuickControls2MaterialStyleImpl.prl
2026-05-09 17:12:16,373 - aqt.updater - INFO - updater 7552 Patching D:\a\moonlight-qt\Qt\6.8.3\msvc2022_64\lib\Qt6QuickControls2MaterialStyleImpld.prl
2026-05-09 17:12:16,373 - aqt.updater - INFO - updater 7552 Patching D:\a\moonlight-qt\Qt\6.8.3\msvc2022_64\lib\Qt6QuickControls2Universal.prl
2026-05-09 17:12:16,373 - aqt.updater - INFO - updater 7552 Patching D:\a\moonlight-qt\Qt\6.8.3\msvc2022_64\lib\Qt6QuickControls2Universald.prl
2026-05-09 17:12:16,375 - aqt.updater - INFO - updater 7552 Patching D:\a\moonlight-qt\Qt\6.8.3\msvc2022_64\lib\Qt6QuickControls2UniversalStyleImpl.prl
2026-05-09 17:12:16,375 - aqt.updater - INFO - updater 7552 Patching D:\a\moonlight-qt\Qt\6.8.3\msvc2022_64\lib\Qt6QuickControls2UniversalStyleImpld.prl
2026-05-09 17:12:16,375 - aqt.updater - INFO - updater 7552 Patching D:\a\moonlight-qt\Qt\6.8.3\msvc2022_64\lib\Qt6QuickControls2WindowsStyleImpl.prl
2026-05-09 17:12:16,377 - aqt.updater - INFO - updater 7552 Patching D:\a\moonlight-qt\Qt\6.8.3\msvc2022_64\lib\Qt6QuickControls2WindowsStyleImpld.prl
2026-05-09 17:12:16,377 - aqt.updater - INFO - updater 7552 Patching D:\a\moonlight-qt\Qt\6.8.3\msvc2022_64\lib\Qt6QuickControlsTestUtils.prl
2026-05-09 17:12:16,377 - aqt.updater - INFO - updater 7552 Patching D:\a\moonlight-qt\Qt\6.8.3\msvc2022_64\lib\Qt6QuickControlsTestUtilsd.prl
2026-05-09 17:12:16,377 - aqt.updater - INFO - updater 7552 Patching D:\a\moonlight-qt\Qt\6.8.3\msvc2022_64\lib\Qt6Quickd.prl
2026-05-09 17:12:16,379 - aqt.updater - INFO - updater 7552 Patching D:\a\moonlight-qt\Qt\6.8.3\msvc2022_64\lib\Qt6QuickDialogs2.prl
2026-05-09 17:12:16,379 - aqt.updater - INFO - updater 7552 Patching D:\a\moonlight-qt\Qt\6.8.3\msvc2022_64\lib\Qt6QuickDialogs2d.prl
2026-05-09 17:12:16,379 - aqt.updater - INFO - updater 7552 Patching D:\a\moonlight-qt\Qt\6.8.3\msvc2022_64\lib\Qt6QuickDialogs2QuickImpl.prl
2026-05-09 17:12:16,379 - aqt.updater - INFO - updater 7552 Patching D:\a\moonlight-qt\Qt\6.8.3\msvc2022_64\lib\Qt6QuickDialogs2QuickImpld.prl
2026-05-09 17:12:16,381 - aqt.updater - INFO - updater 7552 Patching D:\a\moonlight-qt\Qt\6.8.3\msvc2022_64\lib\Qt6QuickDialogs2Utils.prl
2026-05-09 17:12:16,381 - aqt.updater - INFO - updater 7552 Patching D:\a\moonlight-qt\Qt\6.8.3\msvc2022_64\lib\Qt6QuickDialogs2Utilsd.prl
2026-05-09 17:12:16,381 - aqt.updater - INFO - updater 7552 Patching D:\a\moonlight-qt\Qt\6.8.3\msvc2022_64\lib\Qt6QuickEffects.prl
2026-05-09 17:12:16,381 - aqt.updater - INFO - updater 7552 Patching D:\a\moonlight-qt\Qt\6.8.3\msvc2022_64\lib\Qt6QuickEffectsd.prl
2026-05-09 17:12:16,383 - aqt.updater - INFO - updater 7552 Patching D:\a\moonlight-qt\Qt\6.8.3\msvc2022_64\lib\Qt6QuickLayouts.prl
2026-05-09 17:12:16,383 - aqt.updater - INFO - updater 7552 Patching D:\a\moonlight-qt\Qt\6.8.3\msvc2022_64\lib\Qt6QuickLayoutsd.prl
2026-05-09 17:12:16,383 - aqt.updater - INFO - updater 7552 Patching D:\a\moonlight-qt\Qt\6.8.3\msvc2022_64\lib\Qt6QuickParticles.prl
2026-05-09 17:12:16,383 - aqt.updater - INFO - updater 7552 Patching D:\a\moonlight-qt\Qt\6.8.3\msvc2022_64\lib\Qt6QuickParticlesd.prl
2026-05-09 17:12:16,385 - aqt.updater - INFO - updater 7552 Patching D:\a\moonlight-qt\Qt\6.8.3\msvc2022_64\lib\Qt6QuickShapes.prl
2026-05-09 17:12:16,385 - aqt.updater - INFO - updater 7552 Patching D:\a\moonlight-qt\Qt\6.8.3\msvc2022_64\lib\Qt6QuickShapesd.prl
2026-05-09 17:12:16,385 - aqt.updater - INFO - updater 7552 Patching D:\a\moonlight-qt\Qt\6.8.3\msvc2022_64\lib\Qt6QuickTemplates2.prl
2026-05-09 17:12:16,385 - aqt.updater - INFO - updater 7552 Patching D:\a\moonlight-qt\Qt\6.8.3\msvc2022_64\lib\Qt6QuickTemplates2d.prl
2026-05-09 17:12:16,387 - aqt.updater - INFO - updater 7552 Patching D:\a\moonlight-qt\Qt\6.8.3\msvc2022_64\lib\Qt6QuickTest.prl
2026-05-09 17:12:16,387 - aqt.updater - INFO - updater 7552 Patching D:\a\moonlight-qt\Qt\6.8.3\msvc2022_64\lib\Qt6QuickTestd.prl
2026-05-09 17:12:16,387 - aqt.updater - INFO - updater 7552 Patching D:\a\moonlight-qt\Qt\6.8.3\msvc2022_64\lib\Qt6QuickTestUtils.prl
2026-05-09 17:12:16,387 - aqt.updater - INFO - updater 7552 Patching D:\a\moonlight-qt\Qt\6.8.3\msvc2022_64\lib\Qt6QuickTestUtilsd.prl
2026-05-09 17:12:16,389 - aqt.updater - INFO - updater 7552 Patching D:\a\moonlight-qt\Qt\6.8.3\msvc2022_64\lib\Qt6QuickVectorImage.prl
2026-05-09 17:12:16,389 - aqt.updater - INFO - updater 7552 Patching D:\a\moonlight-qt\Qt\6.8.3\msvc2022_64\lib\Qt6QuickVectorImaged.prl
2026-05-09 17:12:16,389 - aqt.updater - INFO - updater 7552 Patching D:\a\moonlight-qt\Qt\6.8.3\msvc2022_64\lib\Qt6QuickVectorImageGenerator.prl
2026-05-09 17:12:16,390 - aqt.updater - INFO - updater 7552 Patching D:\a\moonlight-qt\Qt\6.8.3\msvc2022_64\lib\Qt6QuickVectorImageGeneratord.prl
2026-05-09 17:12:16,391 - aqt.updater - INFO - updater 7552 Patching D:\a\moonlight-qt\Qt\6.8.3\msvc2022_64\lib\Qt6QuickWidgets.prl
2026-05-09 17:12:16,391 - aqt.updater - INFO - updater 7552 Patching D:\a\moonlight-qt\Qt\6.8.3\msvc2022_64\lib\Qt6QuickWidgetsd.prl
2026-05-09 17:12:16,391 - aqt.updater - INFO - updater 7552 Patching D:\a\moonlight-qt\Qt\6.8.3\msvc2022_64\lib\Qt6SpatialAudio.prl
2026-05-09 17:12:16,392 - aqt.updater - INFO - updater 7552 Patching D:\a\moonlight-qt\Qt\6.8.3\msvc2022_64\lib\Qt6SpatialAudiod.prl
2026-05-09 17:12:16,392 - aqt.updater - INFO - updater 7552 Patching D:\a\moonlight-qt\Qt\6.8.3\msvc2022_64\lib\Qt6Sql.prl
2026-05-09 17:12:16,392 - aqt.updater - INFO - updater 7552 Patching D:\a\moonlight-qt\Qt\6.8.3\msvc2022_64\lib\Qt6Sqld.prl
2026-05-09 17:12:16,392 - aqt.updater - INFO - updater 7552 Patching D:\a\moonlight-qt\Qt\6.8.3\msvc2022_64\lib\Qt6Svg.prl
2026-05-09 17:12:16,394 - aqt.updater - INFO - updater 7552 Patching D:\a\moonlight-qt\Qt\6.8.3\msvc2022_64\lib\Qt6Svgd.prl
2026-05-09 17:12:16,394 - aqt.updater - INFO - updater 7552 Patching D:\a\moonlight-qt\Qt\6.8.3\msvc2022_64\lib\Qt6SvgWidgets.prl
2026-05-09 17:12:16,394 - aqt.updater - INFO - updater 7552 Patching D:\a\moonlight-qt\Qt\6.8.3\msvc2022_64\lib\Qt6SvgWidgetsd.prl
2026-05-09 17:12:16,394 - aqt.updater - INFO - updater 7552 Patching D:\a\moonlight-qt\Qt\6.8.3\msvc2022_64\lib\Qt6Test.prl
2026-05-09 17:12:16,394 - aqt.updater - INFO - updater 7552 Patching D:\a\moonlight-qt\Qt\6.8.3\msvc2022_64\lib\Qt6Testd.prl
2026-05-09 17:12:16,396 - aqt.updater - INFO - updater 7552 Patching D:\a\moonlight-qt\Qt\6.8.3\msvc2022_64\lib\Qt6UiTools.prl
2026-05-09 17:12:16,396 - aqt.updater - INFO - updater 7552 Patching D:\a\moonlight-qt\Qt\6.8.3\msvc2022_64\lib\Qt6UiToolsd.prl
2026-05-09 17:12:16,396 - aqt.updater - INFO - updater 7552 Patching D:\a\moonlight-qt\Qt\6.8.3\msvc2022_64\lib\Qt6Widgets.prl
2026-05-09 17:12:16,396 - aqt.updater - INFO - updater 7552 Patching D:\a\moonlight-qt\Qt\6.8.3\msvc2022_64\lib\Qt6Widgetsd.prl
2026-05-09 17:12:16,398 - aqt.updater - INFO - updater 7552 Patching D:\a\moonlight-qt\Qt\6.8.3\msvc2022_64\lib\Qt6Xml.prl
2026-05-09 17:12:16,398 - aqt.updater - INFO - updater 7552 Patching D:\a\moonlight-qt\Qt\6.8.3\msvc2022_64\lib\Qt6Xmld.prl
2026-05-09 17:12:16,398 - aqt.main - INFO - installer 7552 Finished installation
2026-05-09 17:12:16,398 - aqt.main - INFO - installer 7552 Time elapsed: 28.76604960 second
